# JRE version: OpenJDK Runtime Environment Temurin-17.0.5+8 (17.0.5+8) (build 17.0.5+8)
# Java VM: OpenJDK 64-Bit Server VM Temurin-17.0.5+8 (17.0.5+8, mixed mode, tiered, compressed oops, compressed class ptrs, parallel gc, windows-amd64)
GC Precious Log:
 CPUs: 4 total, 4 available
 Memory: 16311M
 Large Page Support: Disabled
 NUMA Support: Disabled
 Compressed Oops: Enabled (32-bit)
 Alignments: Space 512K, Generation 512K, Heap 2M
 Heap Min Capacity: 100M
 Heap Initial Capacity: 100M
 Heap Max Capacity: 1G
 Pre-touch: Disabled
 Parallel Workers: 4
Heap:
 PSYoungGen      total 15360K, used 15216K [0x00000000eab00000, 0x00000000ebd80000, 0x0000000100000000)
  eden space 13312K, 100% used [0x00000000eab00000,0x00000000eb800000,0x00000000eb800000)
  from space 2048K, 92% used [0x00000000ebb80000,0x00000000ebd5c010,0x00000000ebd80000)
  to   space 2560K, 99% used [0x00000000eb880000,0x00000000ebafa510,0x00000000ebb00000)
 ParOldGen       total 200704K, used 181974K [0x00000000c0000000, 0x00000000cc400000, 0x00000000eab00000)
  object space 200704K, 90% used [0x00000000c0000000,0x00000000cb1b5908,0x00000000cc400000)
 Metaspace       used 81702K, committed 82624K, reserved 1130496K
  class space    used 8200K, committed 8576K, reserved 1048576K
GC Heap History (20 events):
Event: 1462.359 GC heap after
{Heap after GC invocations=1406 (full 45):
 PSYoungGen      total 20480K, used 4537K [0x00000000eab00000, 0x00000000ec380000, 0x0000000100000000)
  eden space 15872K, 0% used [0x00000000eab00000,0x00000000eab00000,0x00000000eba80000)
  from space 4608K, 98% used [0x00000000ebb80000,0x00000000ebfee780,0x00000000ec000000)
  to   space 3584K, 0% used [0x00000000ec000000,0x00000000ec000000,0x00000000ec380000)
 ParOldGen       total 200704K, used 170444K [0x00000000c0000000, 0x00000000cc400000, 0x00000000eab00000)
  object space 200704K, 84% used [0x00000000c0000000,0x00000000ca6732d0,0x00000000cc400000)
 Metaspace       used 81673K, committed 82624K, reserved 1130496K
  class space    used 8200K, committed 8576K, reserved 1048576K
}
Event: 1462.467 GC heap before
{Heap before GC invocations=1407 (full 45):
 PSYoungGen      total 20480K, used 18106K [0x00000000eab00000, 0x00000000ec380000, 0x0000000100000000)
  eden space 15872K, 85% used [0x00000000eab00000,0x00000000eb840198,0x00000000eba80000)
  from space 4608K, 98% used [0x00000000ebb80000,0x00000000ebfee780,0x00000000ec000000)
  to   space 3584K, 0% used [0x00000000ec000000,0x00000000ec000000,0x00000000ec380000)
 ParOldGen       total 200704K, used 170444K [0x00000000c0000000, 0x00000000cc400000, 0x00000000eab00000)
  object space 200704K, 84% used [0x00000000c0000000,0x00000000ca6732d0,0x00000000cc400000)
 Metaspace       used 81677K, committed 82624K, reserved 1130496K
  class space    used 8200K, committed 8576K, reserved 1048576K
}
Event: 1462.471 GC heap after
{Heap after GC invocations=1407 (full 45):
 PSYoungGen      total 19456K, used 3577K [0x00000000eab00000, 0x00000000ec480000, 0x0000000100000000)
  eden space 15872K, 0% used [0x00000000eab00000,0x00000000eab00000,0x00000000eba80000)
  from space 3584K, 99% used [0x00000000ec000000,0x00000000ec37e780,0x00000000ec380000)
  to   space 5120K, 0% used [0x00000000eba80000,0x00000000eba80000,0x00000000ebf80000)
 ParOldGen       total 200704K, used 171635K [0x00000000c0000000, 0x00000000cc400000, 0x00000000eab00000)
  object space 200704K, 85% used [0x00000000c0000000,0x00000000ca79cd60,0x00000000cc400000)
 Metaspace       used 81677K, committed 82624K, reserved 1130496K
  class space    used 8200K, committed 8576K, reserved 1048576K
}
Event: 1462.585 GC heap before
{Heap before GC invocations=1408 (full 45):
 PSYoungGen      total 19456K, used 19449K [0x00000000eab00000, 0x00000000ec480000, 0x0000000100000000)
  eden space 15872K, 100% used [0x00000000eab00000,0x00000000eba80000,0x00000000eba80000)
  from space 3584K, 99% used [0x00000000ec000000,0x00000000ec37e780,0x00000000ec380000)
  to   space 5120K, 0% used [0x00000000eba80000,0x00000000eba80000,0x00000000ebf80000)
 ParOldGen       total 200704K, used 171635K [0x00000000c0000000, 0x00000000cc400000, 0x00000000eab00000)
  object space 200704K, 85% used [0x00000000c0000000,0x00000000ca79cd60,0x00000000cc400000)
 Metaspace       used 81677K, committed 82624K, reserved 1130496K
  class space    used 8200K, committed 8576K, reserved 1048576K
}
Event: 1462.589 GC heap after
{Heap after GC invocations=1408 (full 45):
 PSYoungGen      total 20480K, used 4217K [0x00000000eab00000, 0x00000000ec380000, 0x0000000100000000)
  eden space 15872K, 0% used [0x00000000eab00000,0x00000000eab00000,0x00000000eba80000)
  from space 4608K, 91% used [0x00000000eba80000,0x00000000ebe9e780,0x00000000ebf00000)
  to   space 4608K, 0% used [0x00000000ebf00000,0x00000000ebf00000,0x00000000ec380000)
 ParOldGen       total 200704K, used 171635K [0x00000000c0000000, 0x00000000cc400000, 0x00000000eab00000)
  object space 200704K, 85% used [0x00000000c0000000,0x00000000ca79cd60,0x00000000cc400000)
 Metaspace       used 81677K, committed 82624K, reserved 1130496K
  class space    used 8200K, committed 8576K, reserved 1048576K
}
Event: 1462.634 GC heap before
{Heap before GC invocations=1409 (full 45):
 PSYoungGen      total 20480K, used 19243K [0x00000000eab00000, 0x00000000ec380000, 0x0000000100000000)
  eden space 15872K, 94% used [0x00000000eab00000,0x00000000eb9ac710,0x00000000eba80000)
  from space 4608K, 91% used [0x00000000eba80000,0x00000000ebe9e780,0x00000000ebf00000)
  to   space 4608K, 0% used [0x00000000ebf00000,0x00000000ebf00000,0x00000000ec380000)
 ParOldGen       total 200704K, used 171635K [0x00000000c0000000, 0x00000000cc400000, 0x00000000eab00000)
  object space 200704K, 85% used [0x00000000c0000000,0x00000000ca79cd60,0x00000000cc400000)
 Metaspace       used 81677K, committed 82624K, reserved 1130496K
  class space    used 8200K, committed 8576K, reserved 1048576K
}
Event: 1462.638 GC heap after
{Heap after GC invocations=1409 (full 45):
 PSYoungGen      total 20480K, used 4441K [0x00000000eab00000, 0x00000000ec380000, 0x0000000100000000)
  eden space 15872K, 0% used [0x00000000eab00000,0x00000000eab00000,0x00000000eba80000)
  from space 4608K, 96% used [0x00000000ebf00000,0x00000000ec356780,0x00000000ec380000)
  to   space 4608K, 0% used [0x00000000eba80000,0x00000000eba80000,0x00000000ebf00000)
 ParOldGen       total 200704K, used 171635K [0x00000000c0000000, 0x00000000cc400000, 0x00000000eab00000)
  object space 200704K, 85% used [0x00000000c0000000,0x00000000ca79cd60,0x00000000cc400000)
 Metaspace       used 81677K, committed 82624K, reserved 1130496K
  class space    used 8200K, committed 8576K, reserved 1048576K
}
Event: 1462.851 GC heap before
{Heap before GC invocations=1410 (full 45):
 PSYoungGen      total 20480K, used 17981K [0x00000000eab00000, 0x00000000ec380000, 0x0000000100000000)
  eden space 15872K, 85% used [0x00000000eab00000,0x00000000eb838f70,0x00000000eba80000)
  from space 4608K, 96% used [0x00000000ebf00000,0x00000000ec356780,0x00000000ec380000)
  to   space 4608K, 0% used [0x00000000eba80000,0x00000000eba80000,0x00000000ebf00000)
 ParOldGen       total 200704K, used 171635K [0x00000000c0000000, 0x00000000cc400000, 0x00000000eab00000)
  object space 200704K, 85% used [0x00000000c0000000,0x00000000ca79cd60,0x00000000cc400000)
 Metaspace       used 81678K, committed 82624K, reserved 1130496K
  class space    used 8200K, committed 8576K, reserved 1048576K
}
Event: 1462.855 GC heap after
{Heap after GC invocations=1410 (full 45):
 PSYoungGen      total 20480K, used 4594K [0x00000000eab00000, 0x00000000ec480000, 0x0000000100000000)
  eden space 15872K, 0% used [0x00000000eab00000,0x00000000eab00000,0x00000000eba80000)
  from space 4608K, 99% used [0x00000000eba80000,0x00000000ebefca78,0x00000000ebf00000)
  to   space 5120K, 0% used [0x00000000ebf80000,0x00000000ebf80000,0x00000000ec480000)
 ParOldGen       total 200704K, used 171908K [0x00000000c0000000, 0x00000000cc400000, 0x00000000eab00000)
  object space 200704K, 85% used [0x00000000c0000000,0x00000000ca7e12e8,0x00000000cc400000)
 Metaspace       used 81678K, committed 82624K, reserved 1130496K
  class space    used 8200K, committed 8576K, reserved 1048576K
}
Event: 1463.009 GC heap before
{Heap before GC invocations=1411 (full 45):
 PSYoungGen      total 20480K, used 20466K [0x00000000eab00000, 0x00000000ec480000, 0x0000000100000000)
  eden space 15872K, 100% used [0x00000000eab00000,0x00000000eba80000,0x00000000eba80000)
  from space 4608K, 99% used [0x00000000eba80000,0x00000000ebefca78,0x00000000ebf00000)
  to   space 5120K, 0% used [0x00000000ebf80000,0x00000000ebf80000,0x00000000ec480000)
 ParOldGen       total 200704K, used 171908K [0x00000000c0000000, 0x00000000cc400000, 0x00000000eab00000)
  object space 200704K, 85% used [0x00000000c0000000,0x00000000ca7e12e8,0x00000000cc400000)
 Metaspace       used 81688K, committed 82624K, reserved 1130496K
  class space    used 8200K, committed 8576K, reserved 1048576K
}
Event: 1463.015 GC heap after
{Heap after GC invocations=1411 (full 45):
 PSYoungGen      total 18432K, used 2448K [0x00000000eab00000, 0x00000000ec200000, 0x0000000100000000)
  eden space 15872K, 0% used [0x00000000eab00000,0x00000000eab00000,0x00000000eba80000)
  from space 2560K, 95% used [0x00000000ebf80000,0x00000000ec1e4010,0x00000000ec200000)
  to   space 3584K, 0% used [0x00000000ebb00000,0x00000000ebb00000,0x00000000ebe80000)
 ParOldGen       total 200704K, used 171916K [0x00000000c0000000, 0x00000000cc400000, 0x00000000eab00000)
  object space 200704K, 85% used [0x00000000c0000000,0x00000000ca7e32e8,0x00000000cc400000)
 Metaspace       used 81688K, committed 82624K, reserved 1130496K
  class space    used 8200K, committed 8576K, reserved 1048576K
}
Event: 1463.138 GC heap before
{Heap before GC invocations=1412 (full 45):
 PSYoungGen      total 18432K, used 18213K [0x00000000eab00000, 0x00000000ec200000, 0x0000000100000000)
  eden space 15872K, 99% used [0x00000000eab00000,0x00000000eba65650,0x00000000eba80000)
  from space 2560K, 95% used [0x00000000ebf80000,0x00000000ec1e4010,0x00000000ec200000)
  to   space 3584K, 0% used [0x00000000ebb00000,0x00000000ebb00000,0x00000000ebe80000)
 ParOldGen       total 200704K, used 171916K [0x00000000c0000000, 0x00000000cc400000, 0x00000000eab00000)
  object space 200704K, 85% used [0x00000000c0000000,0x00000000ca7e32e8,0x00000000cc400000)
 Metaspace       used 81690K, committed 82624K, reserved 1130496K
  class space    used 8200K, committed 8576K, reserved 1048576K
}
Event: 1463.142 GC heap after
{Heap after GC invocations=1412 (full 45):
 PSYoungGen      total 18944K, used 2761K [0x00000000eab00000, 0x00000000ec080000, 0x0000000100000000)
  eden space 15872K, 0% used [0x00000000eab00000,0x00000000eab00000,0x00000000eba80000)
  from space 3072K, 89% used [0x00000000ebb00000,0x00000000ebdb26c0,0x00000000ebe00000)
  to   space 2560K, 0% used [0x00000000ebe00000,0x00000000ebe00000,0x00000000ec080000)
 ParOldGen       total 200704K, used 174662K [0x00000000c0000000, 0x00000000cc400000, 0x00000000eab00000)
  object space 200704K, 87% used [0x00000000c0000000,0x00000000caa91a68,0x00000000cc400000)
 Metaspace       used 81690K, committed 82624K, reserved 1130496K
  class space    used 8200K, committed 8576K, reserved 1048576K
}
Event: 1463.275 GC heap before
{Heap before GC invocations=1413 (full 45):
 PSYoungGen      total 18944K, used 18628K [0x00000000eab00000, 0x00000000ec080000, 0x0000000100000000)
  eden space 15872K, 99% used [0x00000000eab00000,0x00000000eba7eb30,0x00000000eba80000)
  from space 3072K, 89% used [0x00000000ebb00000,0x00000000ebdb26c0,0x00000000ebe00000)
  to   space 2560K, 0% used [0x00000000ebe00000,0x00000000ebe00000,0x00000000ec080000)
 ParOldGen       total 200704K, used 174662K [0x00000000c0000000, 0x00000000cc400000, 0x00000000eab00000)
  object space 200704K, 87% used [0x00000000c0000000,0x00000000caa91a68,0x00000000cc400000)
 Metaspace       used 81690K, committed 82624K, reserved 1130496K
  class space    used 8200K, committed 8576K, reserved 1048576K
}
Event: 1463.280 GC heap after
{Heap after GC invocations=1413 (full 45):
 PSYoungGen      total 15872K, used 2537K [0x00000000eab00000, 0x00000000ec680000, 0x0000000100000000)
  eden space 13312K, 0% used [0x00000000eab00000,0x00000000eab00000,0x00000000eb800000)
  from space 2560K, 99% used [0x00000000ebe00000,0x00000000ec07a6c0,0x00000000ec080000)
  to   space 6144K, 0% used [0x00000000eb800000,0x00000000eb800000,0x00000000ebe00000)
 ParOldGen       total 200704K, used 177570K [0x00000000c0000000, 0x00000000cc400000, 0x00000000eab00000)
  object space 200704K, 88% used [0x00000000c0000000,0x00000000cad68ae8,0x00000000cc400000)
 Metaspace       used 81690K, committed 82624K, reserved 1130496K
  class space    used 8200K, committed 8576K, reserved 1048576K
}
Event: 1463.375 GC heap before
{Heap before GC invocations=1414 (full 45):
 PSYoungGen      total 15872K, used 15823K [0x00000000eab00000, 0x00000000ec680000, 0x0000000100000000)
  eden space 13312K, 99% used [0x00000000eab00000,0x00000000eb7f9850,0x00000000eb800000)
  from space 2560K, 99% used [0x00000000ebe00000,0x00000000ec07a6c0,0x00000000ec080000)
  to   space 6144K, 0% used [0x00000000eb800000,0x00000000eb800000,0x00000000ebe00000)
 ParOldGen       total 200704K, used 177570K [0x00000000c0000000, 0x00000000cc400000, 0x00000000eab00000)
  object space 200704K, 88% used [0x00000000c0000000,0x00000000cad68ae8,0x00000000cc400000)
 Metaspace       used 81692K, committed 82624K, reserved 1130496K
  class space    used 8200K, committed 8576K, reserved 1048576K
}
Event: 1463.382 GC heap after
{Heap after GC invocations=1414 (full 45):
 PSYoungGen      total 15872K, used 2256K [0x00000000eab00000, 0x00000000ebf00000, 0x0000000100000000)
  eden space 13312K, 0% used [0x00000000eab00000,0x00000000eab00000,0x00000000eb800000)
  from space 2560K, 88% used [0x00000000eb800000,0x00000000eba34010,0x00000000eba80000)
  to   space 3584K, 0% used [0x00000000ebb80000,0x00000000ebb80000,0x00000000ebf00000)
 ParOldGen       total 200704K, used 177802K [0x00000000c0000000, 0x00000000cc400000, 0x00000000eab00000)
  object space 200704K, 88% used [0x00000000c0000000,0x00000000cada2ae8,0x00000000cc400000)
 Metaspace       used 81692K, committed 82624K, reserved 1130496K
  class space    used 8200K, committed 8576K, reserved 1048576K
}
Event: 1464.266 GC heap before
{Heap before GC invocations=1415 (full 45):
 PSYoungGen      total 15872K, used 15568K [0x00000000eab00000, 0x00000000ebf00000, 0x0000000100000000)
  eden space 13312K, 100% used [0x00000000eab00000,0x00000000eb800000,0x00000000eb800000)
  from space 2560K, 88% used [0x00000000eb800000,0x00000000eba34010,0x00000000eba80000)
  to   space 3584K, 0% used [0x00000000ebb80000,0x00000000ebb80000,0x00000000ebf00000)
 ParOldGen       total 200704K, used 177802K [0x00000000c0000000, 0x00000000cc400000, 0x00000000eab00000)
  object space 200704K, 88% used [0x00000000c0000000,0x00000000cada2ae8,0x00000000cc400000)
 Metaspace       used 81697K, committed 82624K, reserved 1130496K
  class space    used 8200K, committed 8576K, reserved 1048576K
}
Event: 1464.271 GC heap after
{Heap after GC invocations=1415 (full 45):
 PSYoungGen      total 15360K, used 1904K [0x00000000eab00000, 0x00000000ebd80000, 0x0000000100000000)
  eden space 13312K, 0% used [0x00000000eab00000,0x00000000eab00000,0x00000000eb800000)
  from space 2048K, 92% used [0x00000000ebb80000,0x00000000ebd5c010,0x00000000ebd80000)
  to   space 2560K, 0% used [0x00000000eb880000,0x00000000eb880000,0x00000000ebb00000)
 ParOldGen       total 200704K, used 177802K [0x00000000c0000000, 0x00000000cc400000, 0x00000000eab00000)
  object space 200704K, 88% used [0x00000000c0000000,0x00000000cada2ae8,0x00000000cc400000)
 Metaspace       used 81697K, committed 82624K, reserved 1130496K
  class space    used 8200K, committed 8576K, reserved 1048576K
}
Event: 1464.987 GC heap before
{Heap before GC invocations=1416 (full 45):
 PSYoungGen      total 15360K, used 15216K [0x00000000eab00000, 0x00000000ebd80000, 0x0000000100000000)
  eden space 13312K, 100% used [0x00000000eab00000,0x00000000eb800000,0x00000000eb800000)
  from space 2048K, 92% used [0x00000000ebb80000,0x00000000ebd5c010,0x00000000ebd80000)
  to   space 2560K, 0% used [0x00000000eb880000,0x00000000eb880000,0x00000000ebb00000)
 ParOldGen       total 200704K, used 177802K [0x00000000c0000000, 0x00000000cc400000, 0x00000000eab00000)
  object space 200704K, 88% used [0x00000000c0000000,0x00000000cada2ae8,0x00000000cc400000)
 Metaspace       used 81702K, committed 82624K, reserved 1130496K
  class space    used 8200K, committed 8576K, reserved 1048576K
}

