# JRE version: OpenJDK Runtime Environment Temurin-17.0.5+8 (17.0.5+8) (build 17.0.5+8)
# Java VM: OpenJDK 64-Bit Server VM Temurin-17.0.5+8 (17.0.5+8, mixed mode, tiered, compressed oops, compressed class ptrs, parallel gc, windows-amd64)
GC Precious Log:
 CPUs: 4 total, 4 available
 Memory: 16311M
 Large Page Support: Disabled
 NUMA Support: Disabled
 Compressed Oops: Enabled (32-bit)
 Alignments: Space 512K, Generation 512K, Heap 2M
 Heap Min Capacity: 100M
 Heap Initial Capacity: 100M
 Heap Max Capacity: 1G
 Pre-touch: Disabled
 Parallel Workers: 4
Heap:
 PSYoungGen      total 18944K, used 1529K [0x00000000eab00000, 0x00000000ec200000, 0x0000000100000000)
  eden space 17408K, 0% used [0x00000000eab00000,0x00000000eab00000,0x00000000ebc00000)
  from space 1536K, 99% used [0x00000000ebd80000,0x00000000ebefe6f0,0x00000000ebf00000)
  to   space 3072K, 0% used [0x00000000ebf00000,0x00000000ebf00000,0x00000000ec200000)
 ParOldGen       total 68608K, used 55596K [0x00000000c0000000, 0x00000000c4300000, 0x00000000eab00000)
  object space 68608K, 81% used [0x00000000c0000000,0x00000000c364b2c0,0x00000000c4300000)
 Metaspace       used 59415K, committed 60288K, reserved 1105920K
  class space    used 6224K, committed 6592K, reserved 1048576K
GC Heap History (20 events):
Event: 23.439 GC heap after
{Heap after GC invocations=34 (full 2):
 PSYoungGen      total 18432K, used 621K [0x00000000eab00000, 0x00000000ec100000, 0x0000000100000000)
  eden space 17408K, 0% used [0x00000000eab00000,0x00000000eab00000,0x00000000ebc00000)
  from space 1024K, 60% used [0x00000000ec000000,0x00000000ec09b718,0x00000000ec100000)
  to   space 1024K, 0% used [0x00000000ebc00000,0x00000000ebc00000,0x00000000ebd00000)
 ParOldGen       total 68608K, used 43033K [0x00000000c0000000, 0x00000000c4300000, 0x00000000eab00000)
  object space 68608K, 62% used [0x00000000c0000000,0x00000000c2a065d8,0x00000000c4300000)
 Metaspace       used 57235K, committed 58112K, reserved 1105920K
  class space    used 6054K, committed 6400K, reserved 1048576K
}
Event: 24.232 GC heap before
{Heap before GC invocations=35 (full 2):
 PSYoungGen      total 18432K, used 18029K [0x00000000eab00000, 0x00000000ec100000, 0x0000000100000000)
  eden space 17408K, 100% used [0x00000000eab00000,0x00000000ebc00000,0x00000000ebc00000)
  from space 1024K, 60% used [0x00000000ec000000,0x00000000ec09b718,0x00000000ec100000)
  to   space 1024K, 0% used [0x00000000ebc00000,0x00000000ebc00000,0x00000000ebd00000)
 ParOldGen       total 68608K, used 43076K [0x00000000c0000000, 0x00000000c4300000, 0x00000000eab00000)
  object space 68608K, 62% used [0x00000000c0000000,0x00000000c2a110c0,0x00000000c4300000)
 Metaspace       used 58693K, committed 59584K, reserved 1105920K
  class space    used 6195K, committed 6528K, reserved 1048576K
}
Event: 24.239 GC heap after
{Heap after GC invocations=35 (full 2):
 PSYoungGen      total 18432K, used 1005K [0x00000000eab00000, 0x00000000ec800000, 0x0000000100000000)
  eden space 17408K, 0% used [0x00000000eab00000,0x00000000eab00000,0x00000000ebc00000)
  from space 1024K, 98% used [0x00000000ebc00000,0x00000000ebcfb7c0,0x00000000ebd00000)
  to   space 6144K, 0% used [0x00000000ec200000,0x00000000ec200000,0x00000000ec800000)
 ParOldGen       total 68608K, used 47162K [0x00000000c0000000, 0x00000000c4300000, 0x00000000eab00000)
  object space 68608K, 68% used [0x00000000c0000000,0x00000000c2e0e8f0,0x00000000c4300000)
 Metaspace       used 58693K, committed 59584K, reserved 1105920K
  class space    used 6195K, committed 6528K, reserved 1048576K
}
Event: 25.074 GC heap before
{Heap before GC invocations=36 (full 2):
 PSYoungGen      total 18432K, used 17879K [0x00000000eab00000, 0x00000000ec800000, 0x0000000100000000)
  eden space 17408K, 96% used [0x00000000eab00000,0x00000000ebb7a7e0,0x00000000ebc00000)
  from space 1024K, 98% used [0x00000000ebc00000,0x00000000ebcfb7c0,0x00000000ebd00000)
  to   space 6144K, 0% used [0x00000000ec200000,0x00000000ec200000,0x00000000ec800000)
 ParOldGen       total 68608K, used 47162K [0x00000000c0000000, 0x00000000c4300000, 0x00000000eab00000)
  object space 68608K, 68% used [0x00000000c0000000,0x00000000c2e0e8f0,0x00000000c4300000)
 Metaspace       used 59155K, committed 60032K, reserved 1105920K
  class space    used 6218K, committed 6592K, reserved 1048576K
}
Event: 25.079 GC heap after
{Heap after GC invocations=36 (full 2):
 PSYoungGen      total 19456K, used 1559K [0x00000000eab00000, 0x00000000ec400000, 0x0000000100000000)
  eden space 17408K, 0% used [0x00000000eab00000,0x00000000eab00000,0x00000000ebc00000)
  from space 2048K, 76% used [0x00000000ec200000,0x00000000ec385f68,0x00000000ec400000)
  to   space 3072K, 0% used [0x00000000ebe00000,0x00000000ebe00000,0x00000000ec100000)
 ParOldGen       total 68608K, used 48139K [0x00000000c0000000, 0x00000000c4300000, 0x00000000eab00000)
  object space 68608K, 70% used [0x00000000c0000000,0x00000000c2f02f20,0x00000000c4300000)
 Metaspace       used 59155K, committed 60032K, reserved 1105920K
  class space    used 6218K, committed 6592K, reserved 1048576K
}
Event: 25.239 GC heap before
{Heap before GC invocations=37 (full 2):
 PSYoungGen      total 19456K, used 18967K [0x00000000eab00000, 0x00000000ec400000, 0x0000000100000000)
  eden space 17408K, 100% used [0x00000000eab00000,0x00000000ebc00000,0x00000000ebc00000)
  from space 2048K, 76% used [0x00000000ec200000,0x00000000ec385f68,0x00000000ec400000)
  to   space 3072K, 0% used [0x00000000ebe00000,0x00000000ebe00000,0x00000000ec100000)
 ParOldGen       total 68608K, used 48139K [0x00000000c0000000, 0x00000000c4300000, 0x00000000eab00000)
  object space 68608K, 70% used [0x00000000c0000000,0x00000000c2f02f20,0x00000000c4300000)
 Metaspace       used 59161K, committed 60032K, reserved 1105920K
  class space    used 6218K, committed 6592K, reserved 1048576K
}
Event: 25.243 GC heap after
{Heap after GC invocations=37 (full 2):
 PSYoungGen      total 18944K, used 1264K [0x00000000eab00000, 0x00000000ec280000, 0x0000000100000000)
  eden space 17408K, 0% used [0x00000000eab00000,0x00000000eab00000,0x00000000ebc00000)
  from space 1536K, 82% used [0x00000000ebe00000,0x00000000ebf3c200,0x00000000ebf80000)
  to   space 2048K, 0% used [0x00000000ec080000,0x00000000ec080000,0x00000000ec280000)
 ParOldGen       total 68608K, used 49185K [0x00000000c0000000, 0x00000000c4300000, 0x00000000eab00000)
  object space 68608K, 71% used [0x00000000c0000000,0x00000000c30084e8,0x00000000c4300000)
 Metaspace       used 59161K, committed 60032K, reserved 1105920K
  class space    used 6218K, committed 6592K, reserved 1048576K
}
Event: 25.403 GC heap before
{Heap before GC invocations=38 (full 2):
 PSYoungGen      total 18944K, used 17673K [0x00000000eab00000, 0x00000000ec280000, 0x0000000100000000)
  eden space 17408K, 94% used [0x00000000eab00000,0x00000000ebb064c8,0x00000000ebc00000)
  from space 1536K, 82% used [0x00000000ebe00000,0x00000000ebf3c200,0x00000000ebf80000)
  to   space 2048K, 0% used [0x00000000ec080000,0x00000000ec080000,0x00000000ec280000)
 ParOldGen       total 68608K, used 49185K [0x00000000c0000000, 0x00000000c4300000, 0x00000000eab00000)
  object space 68608K, 71% used [0x00000000c0000000,0x00000000c30084e8,0x00000000c4300000)
 Metaspace       used 59169K, committed 60032K, reserved 1105920K
  class space    used 6218K, committed 6592K, reserved 1048576K
}
Event: 25.407 GC heap after
{Heap after GC invocations=38 (full 2):
 PSYoungGen      total 18944K, used 1184K [0x00000000eab00000, 0x00000000ec200000, 0x0000000100000000)
  eden space 17408K, 0% used [0x00000000eab00000,0x00000000eab00000,0x00000000ebc00000)
  from space 1536K, 77% used [0x00000000ec080000,0x00000000ec1a8000,0x00000000ec200000)
  to   space 1536K, 0% used [0x00000000ebe00000,0x00000000ebe00000,0x00000000ebf80000)
 ParOldGen       total 68608K, used 50404K [0x00000000c0000000, 0x00000000c4300000, 0x00000000eab00000)
  object space 68608K, 73% used [0x00000000c0000000,0x00000000c3139008,0x00000000c4300000)
 Metaspace       used 59169K, committed 60032K, reserved 1105920K
  class space    used 6218K, committed 6592K, reserved 1048576K
}
Event: 25.556 GC heap before
{Heap before GC invocations=39 (full 2):
 PSYoungGen      total 18944K, used 16936K [0x00000000eab00000, 0x00000000ec200000, 0x0000000100000000)
  eden space 17408K, 90% used [0x00000000eab00000,0x00000000eba62190,0x00000000ebc00000)
  from space 1536K, 77% used [0x00000000ec080000,0x00000000ec1a8000,0x00000000ec200000)
  to   space 1536K, 0% used [0x00000000ebe00000,0x00000000ebe00000,0x00000000ebf80000)
 ParOldGen       total 68608K, used 50404K [0x00000000c0000000, 0x00000000c4300000, 0x00000000eab00000)
  object space 68608K, 73% used [0x00000000c0000000,0x00000000c3139008,0x00000000c4300000)
 Metaspace       used 59182K, committed 60096K, reserved 1105920K
  class space    used 6218K, committed 6592K, reserved 1048576K
}
Event: 25.561 GC heap after
{Heap after GC invocations=39 (full 2):
 PSYoungGen      total 18944K, used 800K [0x00000000eab00000, 0x00000000ec100000, 0x0000000100000000)
  eden space 17408K, 0% used [0x00000000eab00000,0x00000000eab00000,0x00000000ebc00000)
  from space 1536K, 52% used [0x00000000ebe00000,0x00000000ebec8000,0x00000000ebf80000)
  to   space 1024K, 0% used [0x00000000ec000000,0x00000000ec000000,0x00000000ec100000)
 ParOldGen       total 68608K, used 51528K [0x00000000c0000000, 0x00000000c4300000, 0x00000000eab00000)
  object space 68608K, 75% used [0x00000000c0000000,0x00000000c3252228,0x00000000c4300000)
 Metaspace       used 59182K, committed 60096K, reserved 1105920K
  class space    used 6218K, committed 6592K, reserved 1048576K
}
Event: 25.692 GC heap before
{Heap before GC invocations=40 (full 2):
 PSYoungGen      total 18944K, used 18208K [0x00000000eab00000, 0x00000000ec100000, 0x0000000100000000)
  eden space 17408K, 100% used [0x00000000eab00000,0x00000000ebc00000,0x00000000ebc00000)
  from space 1536K, 52% used [0x00000000ebe00000,0x00000000ebec8000,0x00000000ebf80000)
  to   space 1024K, 0% used [0x00000000ec000000,0x00000000ec000000,0x00000000ec100000)
 ParOldGen       total 68608K, used 51528K [0x00000000c0000000, 0x00000000c4300000, 0x00000000eab00000)
  object space 68608K, 75% used [0x00000000c0000000,0x00000000c3252228,0x00000000c4300000)
 Metaspace       used 59188K, committed 60096K, reserved 1105920K
  class space    used 6219K, committed 6592K, reserved 1048576K
}
Event: 25.694 GC heap after
{Heap after GC invocations=40 (full 2):
 PSYoungGen      total 18432K, used 996K [0x00000000eab00000, 0x00000000ec100000, 0x0000000100000000)
  eden space 17408K, 0% used [0x00000000eab00000,0x00000000eab00000,0x00000000ebc00000)
  from space 1024K, 97% used [0x00000000ec000000,0x00000000ec0f92b8,0x00000000ec100000)
  to   space 2048K, 0% used [0x00000000ebd00000,0x00000000ebd00000,0x00000000ebf00000)
 ParOldGen       total 68608K, used 52070K [0x00000000c0000000, 0x00000000c4300000, 0x00000000eab00000)
  object space 68608K, 75% used [0x00000000c0000000,0x00000000c32d99c8,0x00000000c4300000)
 Metaspace       used 59188K, committed 60096K, reserved 1105920K
  class space    used 6219K, committed 6592K, reserved 1048576K
}
Event: 25.926 GC heap before
{Heap before GC invocations=41 (full 2):
 PSYoungGen      total 18432K, used 18404K [0x00000000eab00000, 0x00000000ec100000, 0x0000000100000000)
  eden space 17408K, 100% used [0x00000000eab00000,0x00000000ebc00000,0x00000000ebc00000)
  from space 1024K, 97% used [0x00000000ec000000,0x00000000ec0f92b8,0x00000000ec100000)
  to   space 2048K, 0% used [0x00000000ebd00000,0x00000000ebd00000,0x00000000ebf00000)
 ParOldGen       total 68608K, used 52070K [0x00000000c0000000, 0x00000000c4300000, 0x00000000eab00000)
  object space 68608K, 75% used [0x00000000c0000000,0x00000000c32d99c8,0x00000000c4300000)
 Metaspace       used 59192K, committed 60096K, reserved 1105920K
  class space    used 6219K, committed 6592K, reserved 1048576K
}
Event: 25.931 GC heap after
{Heap after GC invocations=41 (full 2):
 PSYoungGen      total 19456K, used 1088K [0x00000000eab00000, 0x00000000ec080000, 0x0000000100000000)
  eden space 17408K, 0% used [0x00000000eab00000,0x00000000eab00000,0x00000000ebc00000)
  from space 2048K, 53% used [0x00000000ebd00000,0x00000000ebe10000,0x00000000ebf00000)
  to   space 1536K, 0% used [0x00000000ebf00000,0x00000000ebf00000,0x00000000ec080000)
 ParOldGen       total 68608K, used 53351K [0x00000000c0000000, 0x00000000c4300000, 0x00000000eab00000)
  object space 68608K, 77% used [0x00000000c0000000,0x00000000c3419f38,0x00000000c4300000)
 Metaspace       used 59192K, committed 60096K, reserved 1105920K
  class space    used 6219K, committed 6592K, reserved 1048576K
}
Event: 26.316 GC heap before
{Heap before GC invocations=42 (full 2):
 PSYoungGen      total 19456K, used 18496K [0x00000000eab00000, 0x00000000ec080000, 0x0000000100000000)
  eden space 17408K, 100% used [0x00000000eab00000,0x00000000ebc00000,0x00000000ebc00000)
  from space 2048K, 53% used [0x00000000ebd00000,0x00000000ebe10000,0x00000000ebf00000)
  to   space 1536K, 0% used [0x00000000ebf00000,0x00000000ebf00000,0x00000000ec080000)
 ParOldGen       total 68608K, used 53351K [0x00000000c0000000, 0x00000000c4300000, 0x00000000eab00000)
  object space 68608K, 77% used [0x00000000c0000000,0x00000000c3419f38,0x00000000c4300000)
 Metaspace       used 59232K, committed 60096K, reserved 1105920K
  class space    used 6219K, committed 6592K, reserved 1048576K
}
Event: 26.319 GC heap after
{Heap after GC invocations=42 (full 2):
 PSYoungGen      total 18944K, used 1120K [0x00000000eab00000, 0x00000000ec080000, 0x0000000100000000)
  eden space 17408K, 0% used [0x00000000eab00000,0x00000000eab00000,0x00000000ebc00000)
  from space 1536K, 72% used [0x00000000ebf00000,0x00000000ec018000,0x00000000ec080000)
  to   space 1536K, 0% used [0x00000000ebd80000,0x00000000ebd80000,0x00000000ebf00000)
 ParOldGen       total 68608K, used 54371K [0x00000000c0000000, 0x00000000c4300000, 0x00000000eab00000)
  object space 68608K, 79% used [0x00000000c0000000,0x00000000c3518e60,0x00000000c4300000)
 Metaspace       used 59232K, committed 60096K, reserved 1105920K
  class space    used 6219K, committed 6592K, reserved 1048576K
}
Event: 27.123 GC heap before
{Heap before GC invocations=43 (full 2):
 PSYoungGen      total 18944K, used 17522K [0x00000000eab00000, 0x00000000ec080000, 0x0000000100000000)
  eden space 17408K, 94% used [0x00000000eab00000,0x00000000ebb049a0,0x00000000ebc00000)
  from space 1536K, 72% used [0x00000000ebf00000,0x00000000ec018000,0x00000000ec080000)
  to   space 1536K, 0% used [0x00000000ebd80000,0x00000000ebd80000,0x00000000ebf00000)
 ParOldGen       total 68608K, used 54371K [0x00000000c0000000, 0x00000000c4300000, 0x00000000eab00000)
  object space 68608K, 79% used [0x00000000c0000000,0x00000000c3518e60,0x00000000c4300000)
 Metaspace       used 59415K, committed 60288K, reserved 1105920K
  class space    used 6224K, committed 6592K, reserved 1048576K
}
Event: 27.132 GC heap after
{Heap after GC invocations=43 (full 2):
 PSYoungGen      total 18944K, used 1529K [0x00000000eab00000, 0x00000000ec200000, 0x0000000100000000)
  eden space 17408K, 0% used [0x00000000eab00000,0x00000000eab00000,0x00000000ebc00000)
  from space 1536K, 99% used [0x00000000ebd80000,0x00000000ebefe6f0,0x00000000ebf00000)
  to   space 3072K, 0% used [0x00000000ebf00000,0x00000000ebf00000,0x00000000ec200000)
 ParOldGen       total 68608K, used 55596K [0x00000000c0000000, 0x00000000c4300000, 0x00000000eab00000)
  object space 68608K, 81% used [0x00000000c0000000,0x00000000c364b2c0,0x00000000c4300000)
 Metaspace       used 59415K, committed 60288K, reserved 1105920K
  class space    used 6224K, committed 6592K, reserved 1048576K
}
Event: 27.133 GC heap before
{Heap before GC invocations=44 (full 3):
 PSYoungGen      total 18944K, used 1529K [0x00000000eab00000, 0x00000000ec200000, 0x0000000100000000)
  eden space 17408K, 0% used [0x00000000eab00000,0x00000000eab00000,0x00000000ebc00000)
  from space 1536K, 99% used [0x00000000ebd80000,0x00000000ebefe6f0,0x00000000ebf00000)
  to   space 3072K, 0% used [0x00000000ebf00000,0x00000000ebf00000,0x00000000ec200000)
 ParOldGen       total 68608K, used 55596K [0x00000000c0000000, 0x00000000c4300000, 0x00000000eab00000)
  object space 68608K, 81% used [0x00000000c0000000,0x00000000c364b2c0,0x00000000c4300000)
 Metaspace       used 59415K, committed 60288K, reserved 1105920K
  class space    used 6224K, committed 6592K, reserved 1048576K
}

