# JRE version: OpenJDK Runtime Environment Temurin-17.0.5+8 (17.0.5+8) (build 17.0.5+8)
# Java VM: OpenJDK 64-Bit Server VM Temurin-17.0.5+8 (17.0.5+8, mixed mode, tiered, compressed oops, compressed class ptrs, parallel gc, windows-amd64)
GC Precious Log:
 CPUs: 4 total, 4 available
 Memory: 16311M
 Large Page Support: Disabled
 NUMA Support: Disabled
 Compressed Oops: Enabled (32-bit)
 Alignments: Space 512K, Generation 512K, Heap 2M
 Heap Min Capacity: 100M
 Heap Initial Capacity: 100M
 Heap Max Capacity: 1G
 Pre-touch: Disabled
 Parallel Workers: 4
Heap:
 PSYoungGen      total 46080K, used 45349K [0x00000000eab00000, 0x00000000ee080000, 0x0000000100000000)
  eden space 38912K, 99% used [0x00000000eab00000,0x00000000ed0c3750,0x00000000ed100000)
  from space 7168K, 93% used [0x00000000ed800000,0x00000000ede85f78,0x00000000edf00000)
  to   space 7168K, 98% used [0x00000000ed100000,0x00000000ed7e0718,0x00000000ed800000)
 ParOldGen       total 203776K, used 181375K [0x00000000c0000000, 0x00000000cc700000, 0x00000000eab00000)
  object space 203776K, 89% used [0x00000000c0000000,0x00000000cb11fed8,0x00000000cc700000)
 Metaspace       used 83408K, committed 84480K, reserved 1130496K
  class space    used 8167K, committed 8640K, reserved 1048576K
GC Heap History (20 events):
Event: 4437.519 GC heap after
{Heap after GC invocations=4042 (full 111):
 PSYoungGen      total 28160K, used 4081K [0x00000000eab00000, 0x00000000edb00000, 0x0000000100000000)
  eden space 24064K, 0% used [0x00000000eab00000,0x00000000eab00000,0x00000000ec280000)
  from space 4096K, 99% used [0x00000000ec280000,0x00000000ec67c778,0x00000000ec680000)
  to   space 11264K, 0% used [0x00000000ed000000,0x00000000ed000000,0x00000000edb00000)
 ParOldGen       total 203776K, used 170881K [0x00000000c0000000, 0x00000000cc700000, 0x00000000eab00000)
  object space 203776K, 83% used [0x00000000c0000000,0x00000000ca6e0458,0x00000000cc700000)
 Metaspace       used 83406K, committed 84480K, reserved 1130496K
  class space    used 8167K, committed 8640K, reserved 1048576K
}
Event: 4437.574 GC heap before
{Heap before GC invocations=4043 (full 111):
 PSYoungGen      total 28160K, used 28046K [0x00000000eab00000, 0x00000000edb00000, 0x0000000100000000)
  eden space 24064K, 99% used [0x00000000eab00000,0x00000000ec267260,0x00000000ec280000)
  from space 4096K, 99% used [0x00000000ec280000,0x00000000ec67c778,0x00000000ec680000)
  to   space 11264K, 0% used [0x00000000ed000000,0x00000000ed000000,0x00000000edb00000)
 ParOldGen       total 203776K, used 170881K [0x00000000c0000000, 0x00000000cc700000, 0x00000000eab00000)
  object space 203776K, 83% used [0x00000000c0000000,0x00000000ca6e0458,0x00000000cc700000)
 Metaspace       used 83406K, committed 84480K, reserved 1130496K
  class space    used 8167K, committed 8640K, reserved 1048576K
}
Event: 4437.584 GC heap after
{Heap after GC invocations=4043 (full 111):
 PSYoungGen      total 34304K, used 7580K [0x00000000eab00000, 0x00000000ed780000, 0x0000000100000000)
  eden space 26624K, 0% used [0x00000000eab00000,0x00000000eab00000,0x00000000ec500000)
  from space 7680K, 98% used [0x00000000ed000000,0x00000000ed7673a0,0x00000000ed780000)
  to   space 8704K, 0% used [0x00000000ec680000,0x00000000ec680000,0x00000000ecf00000)
 ParOldGen       total 203776K, used 170995K [0x00000000c0000000, 0x00000000cc700000, 0x00000000eab00000)
  object space 203776K, 83% used [0x00000000c0000000,0x00000000ca6fcd58,0x00000000cc700000)
 Metaspace       used 83406K, committed 84480K, reserved 1130496K
  class space    used 8167K, committed 8640K, reserved 1048576K
}
Event: 4437.633 GC heap before
{Heap before GC invocations=4044 (full 111):
 PSYoungGen      total 34304K, used 34204K [0x00000000eab00000, 0x00000000ed780000, 0x0000000100000000)
  eden space 26624K, 100% used [0x00000000eab00000,0x00000000ec500000,0x00000000ec500000)
  from space 7680K, 98% used [0x00000000ed000000,0x00000000ed7673a0,0x00000000ed780000)
  to   space 8704K, 0% used [0x00000000ec680000,0x00000000ec680000,0x00000000ecf00000)
 ParOldGen       total 203776K, used 170995K [0x00000000c0000000, 0x00000000cc700000, 0x00000000eab00000)
  object space 203776K, 83% used [0x00000000c0000000,0x00000000ca6fcd58,0x00000000cc700000)
 Metaspace       used 83406K, committed 84480K, reserved 1130496K
  class space    used 8167K, committed 8640K, reserved 1048576K
}
Event: 4437.642 GC heap after
{Heap after GC invocations=4044 (full 111):
 PSYoungGen      total 36864K, used 7484K [0x00000000eab00000, 0x00000000ed700000, 0x0000000100000000)
  eden space 28160K, 0% used [0x00000000eab00000,0x00000000eab00000,0x00000000ec680000)
  from space 8704K, 85% used [0x00000000ec680000,0x00000000ecdcf3a0,0x00000000ecf00000)
  to   space 7680K, 0% used [0x00000000ecf80000,0x00000000ecf80000,0x00000000ed700000)
 ParOldGen       total 203776K, used 170995K [0x00000000c0000000, 0x00000000cc700000, 0x00000000eab00000)
  object space 203776K, 83% used [0x00000000c0000000,0x00000000ca6fcd58,0x00000000cc700000)
 Metaspace       used 83406K, committed 84480K, reserved 1130496K
  class space    used 8167K, committed 8640K, reserved 1048576K
}
Event: 4437.707 GC heap before
{Heap before GC invocations=4045 (full 111):
 PSYoungGen      total 36864K, used 34422K [0x00000000eab00000, 0x00000000ed700000, 0x0000000100000000)
  eden space 28160K, 95% used [0x00000000eab00000,0x00000000ec54e5c0,0x00000000ec680000)
  from space 8704K, 85% used [0x00000000ec680000,0x00000000ecdcf3a0,0x00000000ecf00000)
  to   space 7680K, 0% used [0x00000000ecf80000,0x00000000ecf80000,0x00000000ed700000)
 ParOldGen       total 203776K, used 170995K [0x00000000c0000000, 0x00000000cc700000, 0x00000000eab00000)
  object space 203776K, 83% used [0x00000000c0000000,0x00000000ca6fcd58,0x00000000cc700000)
 Metaspace       used 83406K, committed 84480K, reserved 1130496K
  class space    used 8167K, committed 8640K, reserved 1048576K
}
Event: 4437.716 GC heap after
{Heap after GC invocations=4045 (full 111):
 PSYoungGen      total 37376K, used 7526K [0x00000000eab00000, 0x00000000ed880000, 0x0000000100000000)
  eden space 29696K, 0% used [0x00000000eab00000,0x00000000eab00000,0x00000000ec800000)
  from space 7680K, 98% used [0x00000000ecf80000,0x00000000ed6d9b78,0x00000000ed700000)
  to   space 7680K, 0% used [0x00000000ec800000,0x00000000ec800000,0x00000000ecf80000)
 ParOldGen       total 203776K, used 171149K [0x00000000c0000000, 0x00000000cc700000, 0x00000000eab00000)
  object space 203776K, 83% used [0x00000000c0000000,0x00000000ca723658,0x00000000cc700000)
 Metaspace       used 83406K, committed 84480K, reserved 1130496K
  class space    used 8167K, committed 8640K, reserved 1048576K
}
Event: 4437.780 GC heap before
{Heap before GC invocations=4046 (full 111):
 PSYoungGen      total 37376K, used 37017K [0x00000000eab00000, 0x00000000ed880000, 0x0000000100000000)
  eden space 29696K, 99% used [0x00000000eab00000,0x00000000ec7cc910,0x00000000ec800000)
  from space 7680K, 98% used [0x00000000ecf80000,0x00000000ed6d9b78,0x00000000ed700000)
  to   space 7680K, 0% used [0x00000000ec800000,0x00000000ec800000,0x00000000ecf80000)
 ParOldGen       total 203776K, used 171149K [0x00000000c0000000, 0x00000000cc700000, 0x00000000eab00000)
  object space 203776K, 83% used [0x00000000c0000000,0x00000000ca723658,0x00000000cc700000)
 Metaspace       used 83406K, committed 84480K, reserved 1130496K
  class space    used 8167K, committed 8640K, reserved 1048576K
}
Event: 4437.790 GC heap after
{Heap after GC invocations=4046 (full 111):
 PSYoungGen      total 37376K, used 7654K [0x00000000eab00000, 0x00000000ee100000, 0x0000000100000000)
  eden space 29696K, 0% used [0x00000000eab00000,0x00000000eab00000,0x00000000ec800000)
  from space 7680K, 99% used [0x00000000ec800000,0x00000000ecf79b78,0x00000000ecf80000)
  to   space 11264K, 0% used [0x00000000ed600000,0x00000000ed600000,0x00000000ee100000)
 ParOldGen       total 203776K, used 173983K [0x00000000c0000000, 0x00000000cc700000, 0x00000000eab00000)
  object space 203776K, 85% used [0x00000000c0000000,0x00000000ca9e7dd8,0x00000000cc700000)
 Metaspace       used 83406K, committed 84480K, reserved 1130496K
  class space    used 8167K, committed 8640K, reserved 1048576K
}
Event: 4437.863 GC heap before
{Heap before GC invocations=4047 (full 111):
 PSYoungGen      total 37376K, used 37249K [0x00000000eab00000, 0x00000000ee100000, 0x0000000100000000)
  eden space 29696K, 99% used [0x00000000eab00000,0x00000000ec7e6af8,0x00000000ec800000)
  from space 7680K, 99% used [0x00000000ec800000,0x00000000ecf79b78,0x00000000ecf80000)
  to   space 11264K, 0% used [0x00000000ed600000,0x00000000ed600000,0x00000000ee100000)
 ParOldGen       total 203776K, used 173983K [0x00000000c0000000, 0x00000000cc700000, 0x00000000eab00000)
  object space 203776K, 85% used [0x00000000c0000000,0x00000000ca9e7dd8,0x00000000cc700000)
 Metaspace       used 83406K, committed 84480K, reserved 1130496K
  class space    used 8167K, committed 8640K, reserved 1048576K
}
Event: 4437.874 GC heap after
{Heap after GC invocations=4047 (full 111):
 PSYoungGen      total 44032K, used 10839K [0x00000000eab00000, 0x00000000ee100000, 0x0000000100000000)
  eden space 32768K, 0% used [0x00000000eab00000,0x00000000eab00000,0x00000000ecb00000)
  from space 11264K, 96% used [0x00000000ed600000,0x00000000ee095e78,0x00000000ee100000)
  to   space 11264K, 0% used [0x00000000ecb00000,0x00000000ecb00000,0x00000000ed600000)
 ParOldGen       total 203776K, used 174639K [0x00000000c0000000, 0x00000000cc700000, 0x00000000eab00000)
  object space 203776K, 85% used [0x00000000c0000000,0x00000000caa8bdd8,0x00000000cc700000)
 Metaspace       used 83406K, committed 84480K, reserved 1130496K
  class space    used 8167K, committed 8640K, reserved 1048576K
}
Event: 4437.947 GC heap before
{Heap before GC invocations=4048 (full 111):
 PSYoungGen      total 44032K, used 43607K [0x00000000eab00000, 0x00000000ee100000, 0x0000000100000000)
  eden space 32768K, 100% used [0x00000000eab00000,0x00000000ecb00000,0x00000000ecb00000)
  from space 11264K, 96% used [0x00000000ed600000,0x00000000ee095e78,0x00000000ee100000)
  to   space 11264K, 0% used [0x00000000ecb00000,0x00000000ecb00000,0x00000000ed600000)
 ParOldGen       total 203776K, used 174639K [0x00000000c0000000, 0x00000000cc700000, 0x00000000eab00000)
  object space 203776K, 85% used [0x00000000c0000000,0x00000000caa8bdd8,0x00000000cc700000)
 Metaspace       used 83408K, committed 84480K, reserved 1130496K
  class space    used 8167K, committed 8640K, reserved 1048576K
}
Event: 4437.956 GC heap after
{Heap after GC invocations=4048 (full 111):
 PSYoungGen      total 44032K, used 7107K [0x00000000eab00000, 0x00000000edf80000, 0x0000000100000000)
  eden space 32768K, 0% used [0x00000000eab00000,0x00000000eab00000,0x00000000ecb00000)
  from space 11264K, 63% used [0x00000000ecb00000,0x00000000ed1f0f68,0x00000000ed600000)
  to   space 8704K, 0% used [0x00000000ed700000,0x00000000ed700000,0x00000000edf80000)
 ParOldGen       total 203776K, used 174950K [0x00000000c0000000, 0x00000000cc700000, 0x00000000eab00000)
  object space 203776K, 85% used [0x00000000c0000000,0x00000000caad9b58,0x00000000cc700000)
 Metaspace       used 83408K, committed 84480K, reserved 1130496K
  class space    used 8167K, committed 8640K, reserved 1048576K
}
Event: 4438.076 GC heap before
{Heap before GC invocations=4049 (full 111):
 PSYoungGen      total 44032K, used 39875K [0x00000000eab00000, 0x00000000edf80000, 0x0000000100000000)
  eden space 32768K, 100% used [0x00000000eab00000,0x00000000ecb00000,0x00000000ecb00000)
  from space 11264K, 63% used [0x00000000ecb00000,0x00000000ed1f0f68,0x00000000ed600000)
  to   space 8704K, 0% used [0x00000000ed700000,0x00000000ed700000,0x00000000edf80000)
 ParOldGen       total 203776K, used 174950K [0x00000000c0000000, 0x00000000cc700000, 0x00000000eab00000)
  object space 203776K, 85% used [0x00000000c0000000,0x00000000caad9b58,0x00000000cc700000)
 Metaspace       used 83408K, committed 84480K, reserved 1130496K
  class space    used 8167K, committed 8640K, reserved 1048576K
}
Event: 4438.082 GC heap after
{Heap after GC invocations=4049 (full 111):
 PSYoungGen      total 42496K, used 6551K [0x00000000eab00000, 0x00000000edd80000, 0x0000000100000000)
  eden space 35840K, 0% used [0x00000000eab00000,0x00000000eab00000,0x00000000ece00000)
  from space 6656K, 98% used [0x00000000ed700000,0x00000000edd65f78,0x00000000edd80000)
  to   space 7168K, 0% used [0x00000000ecf80000,0x00000000ecf80000,0x00000000ed680000)
 ParOldGen       total 203776K, used 175579K [0x00000000c0000000, 0x00000000cc700000, 0x00000000eab00000)
  object space 203776K, 86% used [0x00000000c0000000,0x00000000cab76fd8,0x00000000cc700000)
 Metaspace       used 83408K, committed 84480K, reserved 1130496K
  class space    used 8167K, committed 8640K, reserved 1048576K
}
Event: 4438.200 GC heap before
{Heap before GC invocations=4050 (full 111):
 PSYoungGen      total 42496K, used 39840K [0x00000000eab00000, 0x00000000edd80000, 0x0000000100000000)
  eden space 35840K, 92% used [0x00000000eab00000,0x00000000ecb822a8,0x00000000ece00000)
  from space 6656K, 98% used [0x00000000ed700000,0x00000000edd65f78,0x00000000edd80000)
  to   space 7168K, 0% used [0x00000000ecf80000,0x00000000ecf80000,0x00000000ed680000)
 ParOldGen       total 203776K, used 175579K [0x00000000c0000000, 0x00000000cc700000, 0x00000000eab00000)
  object space 203776K, 86% used [0x00000000c0000000,0x00000000cab76fd8,0x00000000cc700000)
 Metaspace       used 83408K, committed 84480K, reserved 1130496K
  class space    used 8167K, committed 8640K, reserved 1048576K
}
Event: 4438.205 GC heap after
{Heap after GC invocations=4050 (full 111):
 PSYoungGen      total 44544K, used 6759K [0x00000000eab00000, 0x00000000edf00000, 0x0000000100000000)
  eden space 37376K, 0% used [0x00000000eab00000,0x00000000eab00000,0x00000000ecf80000)
  from space 7168K, 94% used [0x00000000ecf80000,0x00000000ed619f88,0x00000000ed680000)
  to   space 7168K, 0% used [0x00000000ed800000,0x00000000ed800000,0x00000000edf00000)
 ParOldGen       total 203776K, used 175579K [0x00000000c0000000, 0x00000000cc700000, 0x00000000eab00000)
  object space 203776K, 86% used [0x00000000c0000000,0x00000000cab76fd8,0x00000000cc700000)
 Metaspace       used 83408K, committed 84480K, reserved 1130496K
  class space    used 8167K, committed 8640K, reserved 1048576K
}
Event: 4438.279 GC heap before
{Heap before GC invocations=4051 (full 111):
 PSYoungGen      total 44544K, used 44135K [0x00000000eab00000, 0x00000000edf00000, 0x0000000100000000)
  eden space 37376K, 100% used [0x00000000eab00000,0x00000000ecf80000,0x00000000ecf80000)
  from space 7168K, 94% used [0x00000000ecf80000,0x00000000ed619f88,0x00000000ed680000)
  to   space 7168K, 0% used [0x00000000ed800000,0x00000000ed800000,0x00000000edf00000)
 ParOldGen       total 203776K, used 175579K [0x00000000c0000000, 0x00000000cc700000, 0x00000000eab00000)
  object space 203776K, 86% used [0x00000000c0000000,0x00000000cab76fd8,0x00000000cc700000)
 Metaspace       used 83408K, committed 84480K, reserved 1130496K
  class space    used 8167K, committed 8640K, reserved 1048576K
}
Event: 4438.284 GC heap after
{Heap after GC invocations=4051 (full 111):
 PSYoungGen      total 46080K, used 6679K [0x00000000eab00000, 0x00000000ee080000, 0x0000000100000000)
  eden space 38912K, 0% used [0x00000000eab00000,0x00000000eab00000,0x00000000ed100000)
  from space 7168K, 93% used [0x00000000ed800000,0x00000000ede85f78,0x00000000edf00000)
  to   space 7168K, 0% used [0x00000000ed100000,0x00000000ed100000,0x00000000ed800000)
 ParOldGen       total 203776K, used 178597K [0x00000000c0000000, 0x00000000cc700000, 0x00000000eab00000)
  object space 203776K, 87% used [0x00000000c0000000,0x00000000cae69758,0x00000000cc700000)
 Metaspace       used 83408K, committed 84480K, reserved 1130496K
  class space    used 8167K, committed 8640K, reserved 1048576K
}
Event: 4438.387 GC heap before
{Heap before GC invocations=4052 (full 111):
 PSYoungGen      total 46080K, used 45349K [0x00000000eab00000, 0x00000000ee080000, 0x0000000100000000)
  eden space 38912K, 99% used [0x00000000eab00000,0x00000000ed0c3750,0x00000000ed100000)
  from space 7168K, 93% used [0x00000000ed800000,0x00000000ede85f78,0x00000000edf00000)
  to   space 7168K, 0% used [0x00000000ed100000,0x00000000ed100000,0x00000000ed800000)
 ParOldGen       total 203776K, used 178597K [0x00000000c0000000, 0x00000000cc700000, 0x00000000eab00000)
  object space 203776K, 87% used [0x00000000c0000000,0x00000000cae69758,0x00000000cc700000)
 Metaspace       used 83408K, committed 84480K, reserved 1130496K
  class space    used 8167K, committed 8640K, reserved 1048576K
}

