# JRE version: OpenJDK Runtime Environment Temurin-17.0.3+7 (17.0.3+7) (build 17.0.3+7)
# Java VM: OpenJDK 64-Bit Server VM Temurin-17.0.3+7 (17.0.3+7, mixed mode, tiered, compressed oops, compressed class ptrs, parallel gc, windows-amd64)
GC Precious Log:
 CPUs: 4 total, 4 available
 Memory: 16311M
 Large Page Support: Disabled
 NUMA Support: Disabled
 Compressed Oops: Enabled (32-bit)
 Alignments: Space 512K, Generation 512K, Heap 2M
 Heap Min Capacity: 100M
 Heap Initial Capacity: 100M
 Heap Max Capacity: 1G
 Pre-touch: Disabled
 Parallel Workers: 4
Heap:
 PSYoungGen      total 8192K, used 8185K [0x00000000eab00000, 0x00000000eb800000, 0x0000000100000000)
  eden space 4608K, 100% used [0x00000000eab00000,0x00000000eaf80000,0x00000000eaf80000)
  from space 3584K, 99% used [0x00000000eb380000,0x00000000eb6fe780,0x00000000eb700000)
  to   space 4096K, 21% used [0x00000000eaf80000,0x00000000eb05b400,0x00000000eb380000)
 ParOldGen       total 187904K, used 142576K [0x00000000c0000000, 0x00000000cb780000, 0x00000000eab00000)
  object space 187904K, 75% used [0x00000000c0000000,0x00000000c8b3c2f0,0x00000000cb780000)
 Metaspace       used 83217K, committed 84224K, reserved 1130496K
  class space    used 8086K, committed 8512K, reserved 1048576K
GC Heap History (20 events):
Event: 7170.262 GC heap after
{Heap after GC invocations=6630 (full 159):
 PSYoungGen      total 4096K, used 640K [0x00000000eab00000, 0x00000000eb080000, 0x0000000100000000)
  eden space 3072K, 0% used [0x00000000eab00000,0x00000000eab00000,0x00000000eae00000)
  from space 1024K, 62% used [0x00000000eae00000,0x00000000eaea0000,0x00000000eaf00000)
  to   space 1024K, 0% used [0x00000000eaf80000,0x00000000eaf80000,0x00000000eb080000)
 ParOldGen       total 184320K, used 153615K [0x00000000c0000000, 0x00000000cb400000, 0x00000000eab00000)
  object space 184320K, 83% used [0x00000000c0000000,0x00000000c9603f48,0x00000000cb400000)
 Metaspace       used 83206K, committed 84224K, reserved 1130496K
  class space    used 8086K, committed 8512K, reserved 1048576K
}
Event: 7170.498 GC heap before
{Heap before GC invocations=6631 (full 159):
 PSYoungGen      total 4096K, used 3712K [0x00000000eab00000, 0x00000000eb080000, 0x0000000100000000)
  eden space 3072K, 100% used [0x00000000eab00000,0x00000000eae00000,0x00000000eae00000)
  from space 1024K, 62% used [0x00000000eae00000,0x00000000eaea0000,0x00000000eaf00000)
  to   space 1024K, 0% used [0x00000000eaf80000,0x00000000eaf80000,0x00000000eb080000)
 ParOldGen       total 184320K, used 167345K [0x00000000c0000000, 0x00000000cb400000, 0x00000000eab00000)
  object space 184320K, 90% used [0x00000000c0000000,0x00000000ca36c4c8,0x00000000cb400000)
 Metaspace       used 83206K, committed 84224K, reserved 1130496K
  class space    used 8086K, committed 8512K, reserved 1048576K
}
Event: 7170.501 GC heap after
{Heap after GC invocations=6631 (full 159):
 PSYoungGen      total 4608K, used 640K [0x00000000eab00000, 0x00000000eb080000, 0x0000000100000000)
  eden space 3584K, 0% used [0x00000000eab00000,0x00000000eab00000,0x00000000eae80000)
  from space 1024K, 62% used [0x00000000eaf80000,0x00000000eb020000,0x00000000eb080000)
  to   space 1024K, 0% used [0x00000000eae80000,0x00000000eae80000,0x00000000eaf80000)
 ParOldGen       total 184320K, used 167345K [0x00000000c0000000, 0x00000000cb400000, 0x00000000eab00000)
  object space 184320K, 90% used [0x00000000c0000000,0x00000000ca36c4c8,0x00000000cb400000)
 Metaspace       used 83206K, committed 84224K, reserved 1130496K
  class space    used 8086K, committed 8512K, reserved 1048576K
}
Event: 7170.673 GC heap before
{Heap before GC invocations=6632 (full 159):
 PSYoungGen      total 4608K, used 4224K [0x00000000eab00000, 0x00000000eb080000, 0x0000000100000000)
  eden space 3584K, 100% used [0x00000000eab00000,0x00000000eae80000,0x00000000eae80000)
  from space 1024K, 62% used [0x00000000eaf80000,0x00000000eb020000,0x00000000eb080000)
  to   space 1024K, 0% used [0x00000000eae80000,0x00000000eae80000,0x00000000eaf80000)
 ParOldGen       total 184320K, used 172836K [0x00000000c0000000, 0x00000000cb400000, 0x00000000eab00000)
  object space 184320K, 93% used [0x00000000c0000000,0x00000000ca8c93c8,0x00000000cb400000)
 Metaspace       used 83217K, committed 84224K, reserved 1130496K
  class space    used 8086K, committed 8512K, reserved 1048576K
}
Event: 7170.676 GC heap after
{Heap after GC invocations=6632 (full 159):
 PSYoungGen      total 4608K, used 1012K [0x00000000eab00000, 0x00000000eb180000, 0x0000000100000000)
  eden space 3584K, 0% used [0x00000000eab00000,0x00000000eab00000,0x00000000eae80000)
  from space 1024K, 98% used [0x00000000eae80000,0x00000000eaf7d108,0x00000000eaf80000)
  to   space 1536K, 0% used [0x00000000eb000000,0x00000000eb000000,0x00000000eb180000)
 ParOldGen       total 184320K, used 173203K [0x00000000c0000000, 0x00000000cb400000, 0x00000000eab00000)
  object space 184320K, 93% used [0x00000000c0000000,0x00000000ca924cb8,0x00000000cb400000)
 Metaspace       used 83217K, committed 84224K, reserved 1130496K
  class space    used 8086K, committed 8512K, reserved 1048576K
}
Event: 7170.684 GC heap before
{Heap before GC invocations=6633 (full 159):
 PSYoungGen      total 4608K, used 4596K [0x00000000eab00000, 0x00000000eb180000, 0x0000000100000000)
  eden space 3584K, 100% used [0x00000000eab00000,0x00000000eae80000,0x00000000eae80000)
  from space 1024K, 98% used [0x00000000eae80000,0x00000000eaf7d108,0x00000000eaf80000)
  to   space 1536K, 0% used [0x00000000eb000000,0x00000000eb000000,0x00000000eb180000)
 ParOldGen       total 184320K, used 173203K [0x00000000c0000000, 0x00000000cb400000, 0x00000000eab00000)
  object space 184320K, 93% used [0x00000000c0000000,0x00000000ca924cb8,0x00000000cb400000)
 Metaspace       used 83217K, committed 84224K, reserved 1130496K
  class space    used 8086K, committed 8512K, reserved 1048576K
}
Event: 7170.687 GC heap after
{Heap after GC invocations=6633 (full 159):
 PSYoungGen      total 5120K, used 544K [0x00000000eab00000, 0x00000000eb100000, 0x0000000100000000)
  eden space 4096K, 0% used [0x00000000eab00000,0x00000000eab00000,0x00000000eaf00000)
  from space 1024K, 53% used [0x00000000eb000000,0x00000000eb088000,0x00000000eb100000)
  to   space 1024K, 0% used [0x00000000eaf00000,0x00000000eaf00000,0x00000000eb000000)
 ParOldGen       total 184320K, used 176469K [0x00000000c0000000, 0x00000000cb400000, 0x00000000eab00000)
  object space 184320K, 95% used [0x00000000c0000000,0x00000000cac55438,0x00000000cb400000)
 Metaspace       used 83217K, committed 84224K, reserved 1130496K
  class space    used 8086K, committed 8512K, reserved 1048576K
}
Event: 7170.704 GC heap before
{Heap before GC invocations=6634 (full 159):
 PSYoungGen      total 5120K, used 4639K [0x00000000eab00000, 0x00000000eb100000, 0x0000000100000000)
  eden space 4096K, 99% used [0x00000000eab00000,0x00000000eaeffff8,0x00000000eaf00000)
  from space 1024K, 53% used [0x00000000eb000000,0x00000000eb088000,0x00000000eb100000)
  to   space 1024K, 0% used [0x00000000eaf00000,0x00000000eaf00000,0x00000000eb000000)
 ParOldGen       total 184320K, used 179214K [0x00000000c0000000, 0x00000000cb400000, 0x00000000eab00000)
  object space 184320K, 97% used [0x00000000c0000000,0x00000000caf03bb8,0x00000000cb400000)
 Metaspace       used 83217K, committed 84224K, reserved 1130496K
  class space    used 8086K, committed 8512K, reserved 1048576K
}
Event: 7170.709 GC heap after
{Heap after GC invocations=6634 (full 159):
 PSYoungGen      total 5120K, used 1024K [0x00000000eab00000, 0x00000000eb380000, 0x0000000100000000)
  eden space 4096K, 0% used [0x00000000eab00000,0x00000000eab00000,0x00000000eaf00000)
  from space 1024K, 100% used [0x00000000eaf00000,0x00000000eb000000,0x00000000eb000000)
  to   space 2048K, 0% used [0x00000000eb180000,0x00000000eb180000,0x00000000eb380000)
 ParOldGen       total 184320K, used 179982K [0x00000000c0000000, 0x00000000cb400000, 0x00000000eab00000)
  object space 184320K, 97% used [0x00000000c0000000,0x00000000cafc3bd8,0x00000000cb400000)
 Metaspace       used 83217K, committed 84224K, reserved 1130496K
  class space    used 8086K, committed 8512K, reserved 1048576K
}
Event: 7170.770 GC heap before
{Heap before GC invocations=6635 (full 159):
 PSYoungGen      total 5120K, used 5114K [0x00000000eab00000, 0x00000000eb380000, 0x0000000100000000)
  eden space 4096K, 99% used [0x00000000eab00000,0x00000000eaefe8b8,0x00000000eaf00000)
  from space 1024K, 100% used [0x00000000eaf00000,0x00000000eb000000,0x00000000eb000000)
  to   space 2048K, 0% used [0x00000000eb180000,0x00000000eb180000,0x00000000eb380000)
 ParOldGen       total 184320K, used 179982K [0x00000000c0000000, 0x00000000cb400000, 0x00000000eab00000)
  object space 184320K, 97% used [0x00000000c0000000,0x00000000cafc3bd8,0x00000000cb400000)
 Metaspace       used 83217K, committed 84224K, reserved 1130496K
  class space    used 8086K, committed 8512K, reserved 1048576K
}
Event: 7170.775 GC heap after
{Heap after GC invocations=6635 (full 159):
 PSYoungGen      total 5632K, used 2023K [0x00000000eab00000, 0x00000000eb580000, 0x0000000100000000)
  eden space 3584K, 0% used [0x00000000eab00000,0x00000000eab00000,0x00000000eae80000)
  from space 2048K, 98% used [0x00000000eb180000,0x00000000eb379d20,0x00000000eb380000)
  to   space 3072K, 0% used [0x00000000eae80000,0x00000000eae80000,0x00000000eb180000)
 ParOldGen       total 184320K, used 180456K [0x00000000c0000000, 0x00000000cb400000, 0x00000000eab00000)
  object space 184320K, 97% used [0x00000000c0000000,0x00000000cb03a1e0,0x00000000cb400000)
 Metaspace       used 83217K, committed 84224K, reserved 1130496K
  class space    used 8086K, committed 8512K, reserved 1048576K
}
Event: 7170.783 GC heap before
{Heap before GC invocations=6636 (full 159):
 PSYoungGen      total 5632K, used 5607K [0x00000000eab00000, 0x00000000eb580000, 0x0000000100000000)
  eden space 3584K, 100% used [0x00000000eab00000,0x00000000eae80000,0x00000000eae80000)
  from space 2048K, 98% used [0x00000000eb180000,0x00000000eb379d20,0x00000000eb380000)
  to   space 3072K, 0% used [0x00000000eae80000,0x00000000eae80000,0x00000000eb180000)
 ParOldGen       total 184320K, used 180456K [0x00000000c0000000, 0x00000000cb400000, 0x00000000eab00000)
  object space 184320K, 97% used [0x00000000c0000000,0x00000000cb03a1e0,0x00000000cb400000)
 Metaspace       used 83217K, committed 84224K, reserved 1130496K
  class space    used 8086K, committed 8512K, reserved 1048576K
}
Event: 7170.789 GC heap after
{Heap after GC invocations=6636 (full 159):
 PSYoungGen      total 6656K, used 3033K [0x00000000eab00000, 0x00000000eb680000, 0x0000000100000000)
  eden space 3584K, 0% used [0x00000000eab00000,0x00000000eab00000,0x00000000eae80000)
  from space 3072K, 98% used [0x00000000eae80000,0x00000000eb176780,0x00000000eb180000)
  to   space 3584K, 0% used [0x00000000eb300000,0x00000000eb300000,0x00000000eb680000)
 ParOldGen       total 184320K, used 182137K [0x00000000c0000000, 0x00000000cb400000, 0x00000000eab00000)
  object space 184320K, 98% used [0x00000000c0000000,0x00000000cb1de4f0,0x00000000cb400000)
 Metaspace       used 83217K, committed 84224K, reserved 1130496K
  class space    used 8086K, committed 8512K, reserved 1048576K
}
Event: 7170.982 GC heap before
{Heap before GC invocations=6637 (full 160):
 PSYoungGen      total 6656K, used 6599K [0x00000000eab00000, 0x00000000eb680000, 0x0000000100000000)
  eden space 3584K, 99% used [0x00000000eab00000,0x00000000eae7b668,0x00000000eae80000)
  from space 3072K, 98% used [0x00000000eae80000,0x00000000eb176780,0x00000000eb180000)
  to   space 3584K, 0% used [0x00000000eb300000,0x00000000eb300000,0x00000000eb680000)
 ParOldGen       total 196608K, used 195866K [0x00000000c0000000, 0x00000000cc000000, 0x00000000eab00000)
  object space 196608K, 99% used [0x00000000c0000000,0x00000000cbf46a70,0x00000000cc000000)
 Metaspace       used 83217K, committed 84224K, reserved 1130496K
  class space    used 8086K, committed 8512K, reserved 1048576K
}
Event: 7171.325 GC heap after
{Heap after GC invocations=6637 (full 160):
 PSYoungGen      total 8192K, used 0K [0x00000000eab00000, 0x00000000eb680000, 0x0000000100000000)
  eden space 4608K, 0% used [0x00000000eab00000,0x00000000eab00000,0x00000000eaf80000)
  from space 3584K, 0% used [0x00000000eb300000,0x00000000eb300000,0x00000000eb680000)
  to   space 3584K, 0% used [0x00000000eaf80000,0x00000000eaf80000,0x00000000eb300000)
 ParOldGen       total 187904K, used 138895K [0x00000000c0000000, 0x00000000cb780000, 0x00000000eab00000)
  object space 187904K, 73% used [0x00000000c0000000,0x00000000c87a3e50,0x00000000cb780000)
 Metaspace       used 83217K, committed 84224K, reserved 1130496K
  class space    used 8086K, committed 8512K, reserved 1048576K
}
Event: 7171.339 GC heap before
{Heap before GC invocations=6638 (full 160):
 PSYoungGen      total 8192K, used 4608K [0x00000000eab00000, 0x00000000eb680000, 0x0000000100000000)
  eden space 4608K, 100% used [0x00000000eab00000,0x00000000eaf80000,0x00000000eaf80000)
  from space 3584K, 0% used [0x00000000eb300000,0x00000000eb300000,0x00000000eb680000)
  to   space 3584K, 0% used [0x00000000eaf80000,0x00000000eaf80000,0x00000000eb300000)
 ParOldGen       total 187904K, used 138895K [0x00000000c0000000, 0x00000000cb780000, 0x00000000eab00000)
  object space 187904K, 73% used [0x00000000c0000000,0x00000000c87a3e50,0x00000000cb780000)
 Metaspace       used 83217K, committed 84224K, reserved 1130496K
  class space    used 8086K, committed 8512K, reserved 1048576K
}
Event: 7171.341 GC heap after
{Heap after GC invocations=6638 (full 160):
 PSYoungGen      total 8192K, used 3289K [0x00000000eab00000, 0x00000000eb700000, 0x0000000100000000)
  eden space 4608K, 0% used [0x00000000eab00000,0x00000000eab00000,0x00000000eaf80000)
  from space 3584K, 91% used [0x00000000eaf80000,0x00000000eb2b6780,0x00000000eb300000)
  to   space 3584K, 0% used [0x00000000eb380000,0x00000000eb380000,0x00000000eb700000)
 ParOldGen       total 187904K, used 138895K [0x00000000c0000000, 0x00000000cb780000, 0x00000000eab00000)
  object space 187904K, 73% used [0x00000000c0000000,0x00000000c87a3e50,0x00000000cb780000)
 Metaspace       used 83217K, committed 84224K, reserved 1130496K
  class space    used 8086K, committed 8512K, reserved 1048576K
}
Event: 7171.357 GC heap before
{Heap before GC invocations=6639 (full 160):
 PSYoungGen      total 8192K, used 7897K [0x00000000eab00000, 0x00000000eb700000, 0x0000000100000000)
  eden space 4608K, 100% used [0x00000000eab00000,0x00000000eaf80000,0x00000000eaf80000)
  from space 3584K, 91% used [0x00000000eaf80000,0x00000000eb2b6780,0x00000000eb300000)
  to   space 3584K, 0% used [0x00000000eb380000,0x00000000eb380000,0x00000000eb700000)
 ParOldGen       total 187904K, used 138895K [0x00000000c0000000, 0x00000000cb780000, 0x00000000eab00000)
  object space 187904K, 73% used [0x00000000c0000000,0x00000000c87a3e50,0x00000000cb780000)
 Metaspace       used 83217K, committed 84224K, reserved 1130496K
  class space    used 8086K, committed 8512K, reserved 1048576K
}
Event: 7171.361 GC heap after
{Heap after GC invocations=6639 (full 160):
 PSYoungGen      total 8192K, used 3577K [0x00000000eab00000, 0x00000000eb800000, 0x0000000100000000)
  eden space 4608K, 0% used [0x00000000eab00000,0x00000000eab00000,0x00000000eaf80000)
  from space 3584K, 99% used [0x00000000eb380000,0x00000000eb6fe780,0x00000000eb700000)
  to   space 4096K, 0% used [0x00000000eaf80000,0x00000000eaf80000,0x00000000eb380000)
 ParOldGen       total 187904K, used 139023K [0x00000000c0000000, 0x00000000cb780000, 0x00000000eab00000)
  object space 187904K, 73% used [0x00000000c0000000,0x00000000c87c3e50,0x00000000cb780000)
 Metaspace       used 83217K, committed 84224K, reserved 1130496K
  class space    used 8086K, committed 8512K, reserved 1048576K
}
Event: 7171.414 GC heap before
{Heap before GC invocations=6640 (full 160):
 PSYoungGen      total 8192K, used 8185K [0x00000000eab00000, 0x00000000eb800000, 0x0000000100000000)
  eden space 4608K, 100% used [0x00000000eab00000,0x00000000eaf80000,0x00000000eaf80000)
  from space 3584K, 99% used [0x00000000eb380000,0x00000000eb6fe780,0x00000000eb700000)
  to   space 4096K, 0% used [0x00000000eaf80000,0x00000000eaf80000,0x00000000eb380000)
 ParOldGen       total 187904K, used 141769K [0x00000000c0000000, 0x00000000cb780000, 0x00000000eab00000)
  object space 187904K, 75% used [0x00000000c0000000,0x00000000c8a725d0,0x00000000cb780000)
 Metaspace       used 83217K, committed 84224K, reserved 1130496K
  class space    used 8086K, committed 8512K, reserved 1048576K
}

